{"/Users/vedprakashmishra/vcarpool/backend/src/container.ts": {"path":"/Users/vedprakashmishra/vcarpool/backend/src/container.ts","statementMap":{"0":{"start":{"line":28,"column":0},"end":{"line":28,"column":16}},"1":{"start":{"line":1,"column":0},"end":{"line":1,"column":54}},"2":{"start":{"line":2,"column":0},"end":{"line":2,"column":54}},"3":{"start":{"line":3,"column":0},"end":{"line":3,"column":56}},"4":{"start":{"line":4,"column":0},"end":{"line":4,"column":54}},"5":{"start":{"line":5,"column":0},"end":{"line":5,"column":47}},"6":{"start":{"line":6,"column":0},"end":{"line":6,"column":64}},"7":{"start":{"line":7,"column":0},"end":{"line":7,"column":64}},"8":{"start":{"line":8,"column":0},"end":{"line":8,"column":63}},"9":{"start":{"line":30,"column":25},"end":{"line":30,"column":61}},"10":{"start":{"line":31,"column":25},"end":{"line":31,"column":61}},"11":{"start":{"line":34,"column":23},"end":{"line":34,"column":41}},"12":{"start":{"line":35,"column":22},"end":{"line":35,"column":67}},"13":{"start":{"line":36,"column":22},"end":{"line":36,"column":67}},"14":{"start":{"line":37,"column":22},"end":{"line":37,"column":97}},"15":{"start":{"line":39,"column":2},"end":{"line":49,"column":4}},"16":{"start":{"line":52,"column":13},"end":{"line":52,"column":43}}},"fnMap":{"0":{"name":"createContainer","decl":{"start":{"line":28,"column":16},"end":{"line":28,"column":31}},"loc":{"start":{"line":28,"column":31},"end":{"line":50,"column":1}}}},"branchMap":{},"s":{"0":0,"1":0,"2":0,"3":0,"4":0,"5":0,"6":0,"7":0,"8":0,"9":0,"10":0,"11":0,"12":0,"13":0,"14":0,"15":0,"16":0},"f":{"0":0},"b":{}}
,"/Users/vedprakashmishra/vcarpool/backend/src/startup.ts": {"path":"/Users/vedprakashmishra/vcarpool/backend/src/startup.ts","statementMap":{"0":{"start":{"line":8,"column":0},"end":{"line":8,"column":7}},"1":{"start":{"line":1,"column":0},"end":{"line":1,"column":55}},"2":{"start":{"line":2,"column":0},"end":{"line":2,"column":40}},"3":{"start":{"line":3,"column":0},"end":{"line":3,"column":58}},"4":{"start":{"line":9,"column":2},"end":{"line":20,"column":3}},"5":{"start":{"line":11,"column":4},"end":{"line":11,"column":27}},"6":{"start":{"line":14,"column":4},"end":{"line":14,"column":31}},"7":{"start":{"line":16,"column":4},"end":{"line":16,"column":74}},"8":{"start":{"line":18,"column":4},"end":{"line":18,"column":61}},"9":{"start":{"line":19,"column":4},"end":{"line":19,"column":16}},"10":{"start":{"line":24,"column":0},"end":{"line":26,"column":3}},"11":{"start":{"line":25,"column":2},"end":{"line":25,"column":60}}},"fnMap":{"0":{"name":"initializeApp","decl":{"start":{"line":8,"column":22},"end":{"line":8,"column":35}},"loc":{"start":{"line":8,"column":35},"end":{"line":21,"column":1}}},"1":{"name":"(anonymous_1)","decl":{"start":{"line":24,"column":22},"end":{"line":24,"column":27}},"loc":{"start":{"line":24,"column":30},"end":{"line":26,"column":1}}}},"branchMap":{},"s":{"0":0,"1":0,"2":0,"3":0,"4":0,"5":0,"6":0,"7":0,"8":0,"9":0,"10":0,"11":0},"f":{"0":0,"1":0},"b":{}}
,"/Users/vedprakashmishra/vcarpool/backend/src/config/database.ts": {"path":"/Users/vedprakashmishra/vcarpool/backend/src/config/database.ts","statementMap":{"0":{"start":{"line":20,"column":0},"end":{"line":20,"column":7}},"1":{"start":{"line":1,"column":0},"end":{"line":1,"column":45}},"2":{"start":{"line":3,"column":17},"end":{"line":3,"column":53}},"3":{"start":{"line":4,"column":12},"end":{"line":4,"column":43}},"4":{"start":{"line":5,"column":19},"end":{"line":5,"column":66}},"5":{"start":{"line":7,"column":13},"end":{"line":7,"column":64}},"6":{"start":{"line":8,"column":13},"end":{"line":8,"column":58}},"7":{"start":{"line":11,"column":13},"end":{"line":17,"column":2}},"8":{"start":{"line":21,"column":2},"end":{"line":55,"column":3}},"9":{"start":{"line":23,"column":4},"end":{"line":23,"column":71}},"10":{"start":{"line":26,"column":4},"end":{"line":29,"column":7}},"11":{"start":{"line":31,"column":4},"end":{"line":34,"column":7}},"12":{"start":{"line":36,"column":4},"end":{"line":39,"column":7}},"13":{"start":{"line":41,"column":4},"end":{"line":44,"column":7}},"14":{"start":{"line":46,"column":4},"end":{"line":49,"column":7}},"15":{"start":{"line":51,"column":4},"end":{"line":51,"column":68}},"16":{"start":{"line":53,"column":4},"end":{"line":53,"column":57}},"17":{"start":{"line":54,"column":4},"end":{"line":54,"column":16}}},"fnMap":{"0":{"name":"initializeDatabase","decl":{"start":{"line":20,"column":22},"end":{"line":20,"column":40}},"loc":{"start":{"line":20,"column":40},"end":{"line":56,"column":1}}}},"branchMap":{"0":{"loc":{"start":{"line":3,"column":17},"end":{"line":3,"column":53}},"type":"binary-expr","locations":[{"start":{"line":3,"column":17},"end":{"line":3,"column":47}},{"start":{"line":3,"column":51},"end":{"line":3,"column":53}}]},"1":{"loc":{"start":{"line":4,"column":12},"end":{"line":4,"column":43}},"type":"binary-expr","locations":[{"start":{"line":4,"column":12},"end":{"line":4,"column":37}},{"start":{"line":4,"column":41},"end":{"line":4,"column":43}}]},"2":{"loc":{"start":{"line":5,"column":19},"end":{"line":5,"column":66}},"type":"binary-expr","locations":[{"start":{"line":5,"column":19},"end":{"line":5,"column":52}},{"start":{"line":5,"column":56},"end":{"line":5,"column":66}}]}},"s":{"0":0,"1":0,"2":0,"3":0,"4":0,"5":0,"6":0,"7":0,"8":0,"9":0,"10":0,"11":0,"12":0,"13":0,"14":0,"15":0,"16":0,"17":0},"f":{"0":0},"b":{"0":[0,0],"1":[0,0],"2":[0,0]}}
,"/Users/vedprakashmishra/vcarpool/backend/src/config/deployment-optimization.ts": {"path":"/Users/vedprakashmishra/vcarpool/backend/src/config/deployment-optimization.ts","statementMap":{"0":{"start":{"line":7,"column":13},"end":{"line":57,"column":2}},"1":{"start":{"line":60,"column":13},"end":{"line":97,"column":2}},"2":{"start":{"line":100,"column":13},"end":{"line":288,"column":2}},"3":{"start":{"line":291,"column":13},"end":{"line":327,"column":2}},"4":{"start":{"line":330,"column":13},"end":{"line":398,"column":2}},"5":{"start":{"line":401,"column":13},"end":{"line":459,"column":2}},"6":{"start":{"line":462,"column":13},"end":{"line":498,"column":2}},"7":{"start":{"line":501,"column":13},"end":{"line":699,"column":2}},"8":{"start":{"line":701,"column":0},"end":{"line":710,"column":2}}},"fnMap":{},"branchMap":{},"s":{"0":0,"1":0,"2":0,"3":0,"4":0,"5":0,"6":0,"7":0,"8":0},"f":{},"b":{}}
,"/Users/vedprakashmishra/vcarpool/backend/src/docs/openapi-spec.ts": {"path":"/Users/vedprakashmishra/vcarpool/backend/src/docs/openapi-spec.ts","statementMap":{"0":{"start":{"line":6,"column":13},"end":{"line":1003,"column":2}}},"fnMap":{},"branchMap":{},"s":{"0":0},"f":{},"b":{}}
,"/Users/vedprakashmishra/vcarpool/backend/src/functions/trips-list/index.ts": {"path":"/Users/vedprakashmishra/vcarpool/backend/src/functions/trips-list/index.ts","statementMap":{"0":{"start":{"line":1,"column":0},"end":{"line":1,"column":89}},"1":{"start":{"line":2,"column":0},"end":{"line":2,"column":88}},"2":{"start":{"line":3,"column":0},"end":{"line":3,"column":44}},"3":{"start":{"line":4,"column":0},"end":{"line":4,"column":99}},"4":{"start":{"line":5,"column":0},"end":{"line":5,"column":77}},"5":{"start":{"line":6,"column":0},"end":{"line":6,"column":60}},"6":{"start":{"line":12,"column":17},"end":{"line":12,"column":39}},"7":{"start":{"line":14,"column":2},"end":{"line":16,"column":3}},"8":{"start":{"line":15,"column":5},"end":{"line":15,"column":40}},"9":{"start":{"line":19,"column":2},"end":{"line":19,"column":65}},"10":{"start":{"line":22,"column":22},"end":{"line":22,"column":50}},"11":{"start":{"line":23,"column":19},"end":{"line":23,"column":39}},"12":{"start":{"line":24,"column":22},"end":{"line":24,"column":45}},"13":{"start":{"line":25,"column":17},"end":{"line":25,"column":49}},"14":{"start":{"line":26,"column":15},"end":{"line":26,"column":31}},"15":{"start":{"line":27,"column":15},"end":{"line":27,"column":36}},"16":{"start":{"line":28,"column":16},"end":{"line":28,"column":39}},"17":{"start":{"line":29,"column":17},"end":{"line":29,"column":35}},"18":{"start":{"line":32,"column":17},"end":{"line":32,"column":37}},"19":{"start":{"line":33,"column":24},"end":{"line":33,"column":70}},"20":{"start":{"line":34,"column":27},"end":{"line":34,"column":73}},"21":{"start":{"line":36,"column":2},"end":{"line":75,"column":3}},"22":{"start":{"line":38,"column":19},"end":{"line":47,"column":null}},"23":{"start":{"line":39,"column":12},"end":{"line":46,"column":8}},"24":{"start":{"line":50,"column":29},"end":{"line":50,"column":35}},"25":{"start":{"line":51,"column":23},"end":{"line":51,"column":47}},"26":{"start":{"line":53,"column":4},"end":{"line":57,"column":7}},"27":{"start":{"line":59,"column":4},"end":{"line":71,"column":6}},"28":{"start":{"line":73,"column":4},"end":{"line":73,"column":51}},"29":{"start":{"line":74,"column":4},"end":{"line":74,"column":16}},"30":{"start":{"line":78,"column":0},"end":{"line":88,"column":3}}},"fnMap":{"0":{"name":"listTripsHandler","decl":{"start":{"line":8,"column":15},"end":{"line":8,"column":31}},"loc":{"start":{"line":10,"column":28},"end":{"line":76,"column":1}}},"1":{"name":"(anonymous_1)","decl":{"start":{"line":39,"column":6},"end":{"line":39,"column":9}},"loc":{"start":{"line":39,"column":12},"end":{"line":46,"column":8}}}},"branchMap":{"0":{"loc":{"start":{"line":14,"column":2},"end":{"line":16,"column":3}},"type":"if","locations":[{"start":{"line":14,"column":2},"end":{"line":16,"column":3}}]},"1":{"loc":{"start":{"line":22,"column":22},"end":{"line":22,"column":50}},"type":"binary-expr","locations":[{"start":{"line":22,"column":22},"end":{"line":22,"column":44}},{"start":{"line":22,"column":48},"end":{"line":22,"column":50}}]},"2":{"loc":{"start":{"line":27,"column":15},"end":{"line":27,"column":36}},"type":"binary-expr","locations":[{"start":{"line":27,"column":15},"end":{"line":27,"column":31}},{"start":{"line":27,"column":35},"end":{"line":27,"column":36}}]},"3":{"loc":{"start":{"line":28,"column":16},"end":{"line":28,"column":39}},"type":"binary-expr","locations":[{"start":{"line":28,"column":16},"end":{"line":28,"column":33}},{"start":{"line":28,"column":37},"end":{"line":28,"column":39}}]},"4":{"loc":{"start":{"line":33,"column":24},"end":{"line":33,"column":70}},"type":"binary-expr","locations":[{"start":{"line":33,"column":24},"end":{"line":33,"column":32}},{"start":{"line":33,"column":37},"end":{"line":33,"column":69}}]},"5":{"loc":{"start":{"line":33,"column":37},"end":{"line":33,"column":69}},"type":"cond-expr","locations":[{"start":{"line":33,"column":51},"end":{"line":33,"column":60}},{"start":{"line":33,"column":63},"end":{"line":33,"column":69}}]},"6":{"loc":{"start":{"line":34,"column":27},"end":{"line":34,"column":73}},"type":"binary-expr","locations":[{"start":{"line":34,"column":27},"end":{"line":34,"column":38}},{"start":{"line":34,"column":43},"end":{"line":34,"column":72}}]},"7":{"loc":{"start":{"line":34,"column":43},"end":{"line":34,"column":72}},"type":"cond-expr","locations":[{"start":{"line":34,"column":54},"end":{"line":34,"column":63}},{"start":{"line":34,"column":66},"end":{"line":34,"column":72}}]}},"s":{"0":0,"1":0,"2":0,"3":0,"4":0,"5":0,"6":0,"7":0,"8":0,"9":0,"10":0,"11":0,"12":0,"13":0,"14":0,"15":0,"16":0,"17":0,"18":0,"19":0,"20":0,"21":0,"22":0,"23":0,"24":0,"25":0,"26":0,"27":0,"28":0,"29":0,"30":0},"f":{"0":0,"1":0},"b":{"0":[0],"1":[0,0],"2":[0,0],"3":[0,0],"4":[0,0],"5":[0,0],"6":[0,0],"7":[0,0]}}
,"/Users/vedprakashmishra/vcarpool/backend/src/functions/trips-stats/index.ts": {"path":"/Users/vedprakashmishra/vcarpool/backend/src/functions/trips-stats/index.ts","statementMap":{"0":{"start":{"line":1,"column":0},"end":{"line":1,"column":89}},"1":{"start":{"line":3,"column":0},"end":{"line":3,"column":44}},"2":{"start":{"line":4,"column":0},"end":{"line":4,"column":99}},"3":{"start":{"line":6,"column":0},"end":{"line":6,"column":60}},"4":{"start":{"line":21,"column":17},"end":{"line":21,"column":39}},"5":{"start":{"line":23,"column":2},"end":{"line":25,"column":3}},"6":{"start":{"line":24,"column":5},"end":{"line":24,"column":40}},"7":{"start":{"line":27,"column":17},"end":{"line":27,"column":37}},"8":{"start":{"line":30,"column":20},"end":{"line":30,"column":60}},"9":{"start":{"line":33,"column":2},"end":{"line":33,"column":67}},"10":{"start":{"line":35,"column":2},"end":{"line":64,"column":3}},"11":{"start":{"line":37,"column":18},"end":{"line":39,"column":null}},"12":{"start":{"line":38,"column":12},"end":{"line":38,"column":54}},"13":{"start":{"line":43,"column":26},"end":{"line":45,"column":null}},"14":{"start":{"line":44,"column":12},"end":{"line":44,"column":62}},"15":{"start":{"line":48,"column":33},"end":{"line":51,"column":6}},"16":{"start":{"line":53,"column":4},"end":{"line":53,"column":70}},"17":{"start":{"line":54,"column":4},"end":{"line":60,"column":6}},"18":{"start":{"line":62,"column":4},"end":{"line":62,"column":72}},"19":{"start":{"line":63,"column":4},"end":{"line":63,"column":16}},"20":{"start":{"line":67,"column":0},"end":{"line":76,"column":3}}},"fnMap":{"0":{"name":"getTripStatsHandler","decl":{"start":{"line":17,"column":15},"end":{"line":17,"column":34}},"loc":{"start":{"line":19,"column":28},"end":{"line":65,"column":1}}},"1":{"name":"(anonymous_1)","decl":{"start":{"line":38,"column":6},"end":{"line":38,"column":9}},"loc":{"start":{"line":38,"column":12},"end":{"line":38,"column":54}}},"2":{"name":"(anonymous_2)","decl":{"start":{"line":44,"column":6},"end":{"line":44,"column":9}},"loc":{"start":{"line":44,"column":12},"end":{"line":44,"column":62}}}},"branchMap":{"0":{"loc":{"start":{"line":23,"column":2},"end":{"line":25,"column":3}},"type":"if","locations":[{"start":{"line":23,"column":2},"end":{"line":25,"column":3}}]},"1":{"loc":{"start":{"line":30,"column":20},"end":{"line":30,"column":60}},"type":"binary-expr","locations":[{"start":{"line":30,"column":20},"end":{"line":30,"column":51}},{"start":{"line":30,"column":55},"end":{"line":30,"column":60}}]}},"s":{"0":0,"1":0,"2":0,"3":0,"4":0,"5":0,"6":0,"7":0,"8":0,"9":0,"10":0,"11":0,"12":0,"13":0,"14":0,"15":0,"16":0,"17":0,"18":0,"19":0,"20":0},"f":{"0":0,"1":0,"2":0},"b":{"0":[0],"1":[0,0]}}
,"/Users/vedprakashmishra/vcarpool/backend/src/functions/users-me/index.ts": {"path":"/Users/vedprakashmishra/vcarpool/backend/src/functions/users-me/index.ts","statementMap":{"0":{"start":{"line":1,"column":0},"end":{"line":1,"column":89}},"1":{"start":{"line":3,"column":0},"end":{"line":3,"column":44}},"2":{"start":{"line":4,"column":0},"end":{"line":4,"column":99}},"3":{"start":{"line":5,"column":0},"end":{"line":5,"column":60}},"4":{"start":{"line":11,"column":17},"end":{"line":11,"column":39}},"5":{"start":{"line":13,"column":2},"end":{"line":15,"column":3}},"6":{"start":{"line":14,"column":5},"end":{"line":14,"column":40}},"7":{"start":{"line":18,"column":2},"end":{"line":18,"column":75}},"8":{"start":{"line":20,"column":17},"end":{"line":20,"column":37}},"9":{"start":{"line":22,"column":2},"end":{"line":51,"column":3}},"10":{"start":{"line":24,"column":17},"end":{"line":26,"column":null}},"11":{"start":{"line":25,"column":12},"end":{"line":25,"column":53}},"12":{"start":{"line":29,"column":4},"end":{"line":38,"column":5}},"13":{"start":{"line":30,"column":6},"end":{"line":30,"column":56}},"14":{"start":{"line":31,"column":6},"end":{"line":37,"column":8}},"15":{"start":{"line":40,"column":4},"end":{"line":40,"column":67}},"16":{"start":{"line":41,"column":4},"end":{"line":47,"column":6}},"17":{"start":{"line":49,"column":4},"end":{"line":49,"column":69}},"18":{"start":{"line":50,"column":4},"end":{"line":50,"column":16}},"19":{"start":{"line":54,"column":0},"end":{"line":63,"column":3}}},"fnMap":{"0":{"name":"getMeHandler","decl":{"start":{"line":7,"column":15},"end":{"line":7,"column":27}},"loc":{"start":{"line":9,"column":28},"end":{"line":52,"column":1}}},"1":{"name":"(anonymous_1)","decl":{"start":{"line":25,"column":6},"end":{"line":25,"column":9}},"loc":{"start":{"line":25,"column":12},"end":{"line":25,"column":53}}}},"branchMap":{"0":{"loc":{"start":{"line":13,"column":2},"end":{"line":15,"column":3}},"type":"if","locations":[{"start":{"line":13,"column":2},"end":{"line":15,"column":3}}]},"1":{"loc":{"start":{"line":29,"column":4},"end":{"line":38,"column":5}},"type":"if","locations":[{"start":{"line":29,"column":4},"end":{"line":38,"column":5}}]}},"s":{"0":0,"1":0,"2":0,"3":0,"4":0,"5":0,"6":0,"7":0,"8":0,"9":0,"10":0,"11":0,"12":0,"13":0,"14":0,"15":0,"16":0,"17":0,"18":0,"19":0},"f":{"0":0,"1":0},"b":{"0":[0],"1":[0]}}
,"/Users/vedprakashmishra/vcarpool/backend/src/functions/users-update/index.ts": {"path":"/Users/vedprakashmishra/vcarpool/backend/src/functions/users-update/index.ts","statementMap":{"0":{"start":{"line":1,"column":0},"end":{"line":1,"column":89}},"1":{"start":{"line":2,"column":0},"end":{"line":2,"column":71}},"2":{"start":{"line":3,"column":0},"end":{"line":3,"column":44}},"3":{"start":{"line":4,"column":0},"end":{"line":4,"column":113}},"4":{"start":{"line":5,"column":0},"end":{"line":5,"column":60}},"5":{"start":{"line":11,"column":17},"end":{"line":11,"column":39}},"6":{"start":{"line":13,"column":2},"end":{"line":15,"column":3}},"7":{"start":{"line":14,"column":5},"end":{"line":14,"column":40}},"8":{"start":{"line":17,"column":17},"end":{"line":17,"column":37}},"9":{"start":{"line":18,"column":18},"end":{"line":18,"column":39}},"10":{"start":{"line":21,"column":2},"end":{"line":21,"column":87}},"11":{"start":{"line":23,"column":2},"end":{"line":53,"column":3}},"12":{"start":{"line":25,"column":24},"end":{"line":27,"column":null}},"13":{"start":{"line":26,"column":12},"end":{"line":26,"column":61}},"14":{"start":{"line":30,"column":4},"end":{"line":39,"column":5}},"15":{"start":{"line":31,"column":6},"end":{"line":31,"column":70}},"16":{"start":{"line":32,"column":6},"end":{"line":38,"column":8}},"17":{"start":{"line":41,"column":4},"end":{"line":41,"column":65}},"18":{"start":{"line":42,"column":4},"end":{"line":49,"column":6}},"19":{"start":{"line":51,"column":4},"end":{"line":51,"column":67}},"20":{"start":{"line":52,"column":4},"end":{"line":52,"column":16}},"21":{"start":{"line":56,"column":0},"end":{"line":66,"column":3}}},"fnMap":{"0":{"name":"updateMeHandler","decl":{"start":{"line":7,"column":15},"end":{"line":7,"column":30}},"loc":{"start":{"line":9,"column":28},"end":{"line":54,"column":1}}},"1":{"name":"(anonymous_1)","decl":{"start":{"line":26,"column":6},"end":{"line":26,"column":9}},"loc":{"start":{"line":26,"column":12},"end":{"line":26,"column":61}}}},"branchMap":{"0":{"loc":{"start":{"line":13,"column":2},"end":{"line":15,"column":3}},"type":"if","locations":[{"start":{"line":13,"column":2},"end":{"line":15,"column":3}}]},"1":{"loc":{"start":{"line":30,"column":4},"end":{"line":39,"column":5}},"type":"if","locations":[{"start":{"line":30,"column":4},"end":{"line":39,"column":5}}]}},"s":{"0":0,"1":0,"2":0,"3":0,"4":0,"5":0,"6":0,"7":0,"8":0,"9":0,"10":0,"11":0,"12":0,"13":0,"14":0,"15":0,"16":0,"17":0,"18":0,"19":0,"20":0,"21":0},"f":{"0":0,"1":0},"b":{"0":[0],"1":[0]}}
,"/Users/vedprakashmishra/vcarpool/backend/src/middleware/validation.middleware.ts": {"path":"/Users/vedprakashmishra/vcarpool/backend/src/middleware/validation.middleware.ts","statementMap":{"0":{"start":{"line":8,"column":0},"end":{"line":8,"column":16}},"1":{"start":{"line":46,"column":0},"end":{"line":46,"column":16}},"2":{"start":{"line":78,"column":0},"end":{"line":78,"column":16}},"3":{"start":{"line":9,"column":2},"end":{"line":40,"column":4}},"4":{"start":{"line":12,"column":4},"end":{"line":39,"column":6}},"5":{"start":{"line":13,"column":6},"end":{"line":38,"column":7}},"6":{"start":{"line":15,"column":20},"end":{"line":15,"column":40}},"7":{"start":{"line":16,"column":52},"end":{"line":16,"column":54}},"8":{"start":{"line":19,"column":8},"end":{"line":21,"column":11}},"9":{"start":{"line":20,"column":10},"end":{"line":20,"column":35}},"10":{"start":{"line":24,"column":31},"end":{"line":24,"column":56}},"11":{"start":{"line":27,"column":9},"end":{"line":27,"column":57}},"12":{"start":{"line":28,"column":8},"end":{"line":28,"column":54}},"13":{"start":{"line":30,"column":8},"end":{"line":37,"column":10}},"14":{"start":{"line":47,"column":2},"end":{"line":72,"column":4}},"15":{"start":{"line":50,"column":4},"end":{"line":71,"column":6}},"16":{"start":{"line":51,"column":6},"end":{"line":70,"column":7}},"17":{"start":{"line":53,"column":27},"end":{"line":53,"column":50}},"18":{"start":{"line":56,"column":32},"end":{"line":56,"column":56}},"19":{"start":{"line":59,"column":9},"end":{"line":59,"column":59}},"20":{"start":{"line":60,"column":8},"end":{"line":60,"column":54}},"21":{"start":{"line":62,"column":8},"end":{"line":69,"column":10}},"22":{"start":{"line":79,"column":2},"end":{"line":90,"column":4}},"23":{"start":{"line":80,"column":21},"end":{"line":80,"column":43}},"24":{"start":{"line":81,"column":18},"end":{"line":81,"column":104}},"25":{"start":{"line":81,"column":45},"end":{"line":81,"column":103}},"26":{"start":{"line":83,"column":4},"end":{"line":85,"column":5}},"27":{"start":{"line":84,"column":6},"end":{"line":84,"column":50}},"28":{"start":{"line":88,"column":18},"end":{"line":88,"column":47}},"29":{"start":{"line":89,"column":4},"end":{"line":89,"column":34}}},"fnMap":{"0":{"name":"validateQueryParams","decl":{"start":{"line":8,"column":16},"end":{"line":8,"column":35}},"loc":{"start":{"line":8,"column":59},"end":{"line":41,"column":1}}},"1":{"name":"(anonymous_1)","decl":{"start":{"line":9,"column":9},"end":{"line":9,"column":null}},"loc":{"start":{"line":10,"column":102},"end":{"line":40,"column":3}}},"2":{"name":"(anonymous_2)","decl":{"start":{"line":12,"column":11},"end":{"line":12,"column":16}},"loc":{"start":{"line":12,"column":83},"end":{"line":39,"column":5}}},"3":{"name":"(anonymous_3)","decl":{"start":{"line":19,"column":33},"end":{"line":19,"column":34}},"loc":{"start":{"line":19,"column":48},"end":{"line":21,"column":9}}},"4":{"name":"validatePathParams","decl":{"start":{"line":46,"column":16},"end":{"line":46,"column":34}},"loc":{"start":{"line":46,"column":124},"end":{"line":73,"column":1}}},"5":{"name":"(anonymous_5)","decl":{"start":{"line":47,"column":9},"end":{"line":47,"column":null}},"loc":{"start":{"line":48,"column":103},"end":{"line":72,"column":3}}},"6":{"name":"(anonymous_6)","decl":{"start":{"line":50,"column":11},"end":{"line":50,"column":16}},"loc":{"start":{"line":50,"column":83},"end":{"line":71,"column":5}}},"7":{"name":"extractPathParam","decl":{"start":{"line":78,"column":16},"end":{"line":78,"column":32}},"loc":{"start":{"line":78,"column":50},"end":{"line":91,"column":1}}},"8":{"name":"(anonymous_8)","decl":{"start":{"line":79,"column":9},"end":{"line":79,"column":10}},"loc":{"start":{"line":79,"column":58},"end":{"line":90,"column":3}}},"9":{"name":"(anonymous_9)","decl":{"start":{"line":81,"column":37},"end":{"line":81,"column":41}},"loc":{"start":{"line":81,"column":45},"end":{"line":81,"column":103}}}},"branchMap":{"0":{"loc":{"start":{"line":35,"column":21},"end":{"line":35,"column":50}},"type":"binary-expr","locations":[{"start":{"line":35,"column":21},"end":{"line":35,"column":33}},{"start":{"line":35,"column":37},"end":{"line":35,"column":50}}]},"1":{"loc":{"start":{"line":67,"column":21},"end":{"line":67,"column":50}},"type":"binary-expr","locations":[{"start":{"line":67,"column":21},"end":{"line":67,"column":33}},{"start":{"line":67,"column":37},"end":{"line":67,"column":50}}]},"2":{"loc":{"start":{"line":81,"column":45},"end":{"line":81,"column":103}},"type":"binary-expr","locations":[{"start":{"line":81,"column":45},"end":{"line":81,"column":81}},{"start":{"line":81,"column":85},"end":{"line":81,"column":103}}]},"3":{"loc":{"start":{"line":83,"column":4},"end":{"line":85,"column":5}},"type":"if","locations":[{"start":{"line":83,"column":4},"end":{"line":85,"column":5}}]},"4":{"loc":{"start":{"line":83,"column":8},"end":{"line":83,"column":51}},"type":"binary-expr","locations":[{"start":{"line":83,"column":8},"end":{"line":83,"column":20}},{"start":{"line":83,"column":24},"end":{"line":83,"column":51}}]}},"s":{"0":0,"1":0,"2":0,"3":0,"4":0,"5":0,"6":0,"7":0,"8":0,"9":0,"10":0,"11":0,"12":0,"13":0,"14":0,"15":0,"16":0,"17":0,"18":0,"19":0,"20":0,"21":0,"22":0,"23":0,"24":0,"25":0,"26":0,"27":0,"28":0,"29":0},"f":{"0":0,"1":0,"2":0,"3":0,"4":0,"5":0,"6":0,"7":0,"8":0,"9":0},"b":{"0":[0,0],"1":[0,0],"2":[0,0],"3":[0],"4":[0,0]}}
,"/Users/vedprakashmishra/vcarpool/backend/src/repositories/trip.repository.ts": {"path":"/Users/vedprakashmishra/vcarpool/backend/src/repositories/trip.repository.ts","statementMap":{"0":{"start":{"line":5,"column":22},"end":{"line":5,"column":42}},"1":{"start":{"line":8,"column":25},"end":{"line":8,"column":64}},"2":{"start":{"line":9,"column":4},"end":{"line":9,"column":28}},"3":{"start":{"line":13,"column":4},"end":{"line":21,"column":5}},"4":{"start":{"line":14,"column":27},"end":{"line":14,"column":69}},"5":{"start":{"line":15,"column":6},"end":{"line":15,"column":30}},"6":{"start":{"line":17,"column":6},"end":{"line":19,"column":7}},"7":{"start":{"line":18,"column":8},"end":{"line":18,"column":20}},"8":{"start":{"line":20,"column":6},"end":{"line":20,"column":18}},"9":{"start":{"line":25,"column":25},"end":{"line":25,"column":68}},"10":{"start":{"line":26,"column":4},"end":{"line":26,"column":28}},"11":{"start":{"line":30,"column":4},"end":{"line":30,"column":43}},"12":{"start":{"line":34,"column":18},"end":{"line":37,"column":6}},"13":{"start":{"line":39,"column":26},"end":{"line":39,"column":82}},"14":{"start":{"line":40,"column":4},"end":{"line":40,"column":21}},"15":{"start":{"line":44,"column":18},"end":{"line":47,"column":6}},"16":{"start":{"line":49,"column":26},"end":{"line":49,"column":82}},"17":{"start":{"line":50,"column":4},"end":{"line":50,"column":21}},"18":{"start":{"line":54,"column":18},"end":{"line":54,"column":56}},"19":{"start":{"line":56,"column":18},"end":{"line":68,"column":6}},"20":{"start":{"line":70,"column":26},"end":{"line":70,"column":82}},"21":{"start":{"line":71,"column":4},"end":{"line":71,"column":21}},"22":{"start":{"line":75,"column":16},"end":{"line":81,"column":6}},"23":{"start":{"line":83,"column":23},"end":{"line":83,"column":66}},"24":{"start":{"line":85,"column":4},"end":{"line":92,"column":5}},"25":{"start":{"line":86,"column":6},"end":{"line":86,"column":37}},"26":{"start":{"line":87,"column":6},"end":{"line":87,"column":54}},"27":{"start":{"line":89,"column":20},"end":{"line":89,"column":58}},"28":{"start":{"line":90,"column":6},"end":{"line":90,"column":39}},"29":{"start":{"line":91,"column":6},"end":{"line":91,"column":56}},"30":{"start":{"line":94,"column":4},"end":{"line":94,"column":57}},"31":{"start":{"line":96,"column":26},"end":{"line":99,"column":17}},"32":{"start":{"line":101,"column":4},"end":{"line":101,"column":21}},"33":{"start":{"line":108,"column":26},"end":{"line":108,"column":86}},"34":{"start":{"line":109,"column":4},"end":{"line":109,"column":21}},"35":{"start":{"line":4,"column":0},"end":{"line":4,"column":13}}},"fnMap":{"0":{"name":"(anonymous_0)","decl":{"start":{"line":5,"column":2},"end":{"line":5,"column":22}},"loc":{"start":{"line":5,"column":42},"end":{"line":5,"column":46}}},"1":{"name":"(anonymous_1)","decl":{"start":{"line":7,"column":2},"end":{"line":7,"column":7}},"loc":{"start":{"line":7,"column":25},"end":{"line":10,"column":3}}},"2":{"name":"(anonymous_2)","decl":{"start":{"line":12,"column":2},"end":{"line":12,"column":7}},"loc":{"start":{"line":12,"column":27},"end":{"line":22,"column":3}}},"3":{"name":"(anonymous_3)","decl":{"start":{"line":24,"column":2},"end":{"line":24,"column":7}},"loc":{"start":{"line":24,"column":37},"end":{"line":27,"column":3}}},"4":{"name":"(anonymous_4)","decl":{"start":{"line":29,"column":2},"end":{"line":29,"column":7}},"loc":{"start":{"line":29,"column":25},"end":{"line":31,"column":3}}},"5":{"name":"(anonymous_5)","decl":{"start":{"line":33,"column":2},"end":{"line":33,"column":7}},"loc":{"start":{"line":33,"column":40},"end":{"line":41,"column":3}}},"6":{"name":"(anonymous_6)","decl":{"start":{"line":43,"column":2},"end":{"line":43,"column":7}},"loc":{"start":{"line":43,"column":46},"end":{"line":51,"column":3}}},"7":{"name":"(anonymous_7)","decl":{"start":{"line":53,"column":2},"end":{"line":53,"column":7}},"loc":{"start":{"line":53,"column":40},"end":{"line":72,"column":3}}},"8":{"name":"(anonymous_8)","decl":{"start":{"line":74,"column":2},"end":{"line":74,"column":7}},"loc":{"start":{"line":74,"column":63},"end":{"line":102,"column":3}}},"9":{"name":"(anonymous_9)","decl":{"start":{"line":104,"column":2},"end":{"line":104,"column":7}},"loc":{"start":{"line":107,"column":3},"end":{"line":110,"column":3}}}},"branchMap":{"0":{"loc":{"start":{"line":15,"column":13},"end":{"line":15,"column":29}},"type":"binary-expr","locations":[{"start":{"line":15,"column":13},"end":{"line":15,"column":21}},{"start":{"line":15,"column":25},"end":{"line":15,"column":29}}]},"1":{"loc":{"start":{"line":17,"column":6},"end":{"line":19,"column":7}},"type":"if","locations":[{"start":{"line":17,"column":6},"end":{"line":19,"column":7}}]},"2":{"loc":{"start":{"line":85,"column":4},"end":{"line":92,"column":5}},"type":"if","locations":[{"start":{"line":85,"column":4},"end":{"line":92,"column":5}},{"start":{"line":88,"column":11},"end":{"line":92,"column":5}}]}},"s":{"0":0,"1":0,"2":0,"3":0,"4":0,"5":0,"6":0,"7":0,"8":0,"9":0,"10":0,"11":0,"12":0,"13":0,"14":0,"15":0,"16":0,"17":0,"18":0,"19":0,"20":0,"21":0,"22":0,"23":0,"24":0,"25":0,"26":0,"27":0,"28":0,"29":0,"30":0,"31":0,"32":0,"33":0,"34":0,"35":0},"f":{"0":0,"1":0,"2":0,"3":0,"4":0,"5":0,"6":0,"7":0,"8":0,"9":0},"b":{"0":[0,0],"1":[0],"2":[0,0]}}
,"/Users/vedprakashmishra/vcarpool/backend/src/repositories/user.repository.ts": {"path":"/Users/vedprakashmishra/vcarpool/backend/src/repositories/user.repository.ts","statementMap":{"0":{"start":{"line":5,"column":22},"end":{"line":5,"column":42}},"1":{"start":{"line":8,"column":25},"end":{"line":8,"column":64}},"2":{"start":{"line":9,"column":4},"end":{"line":9,"column":28}},"3":{"start":{"line":13,"column":4},"end":{"line":21,"column":5}},"4":{"start":{"line":14,"column":27},"end":{"line":14,"column":69}},"5":{"start":{"line":15,"column":6},"end":{"line":15,"column":30}},"6":{"start":{"line":17,"column":6},"end":{"line":19,"column":7}},"7":{"start":{"line":18,"column":8},"end":{"line":18,"column":20}},"8":{"start":{"line":20,"column":6},"end":{"line":20,"column":18}},"9":{"start":{"line":25,"column":18},"end":{"line":28,"column":6}},"10":{"start":{"line":30,"column":26},"end":{"line":30,"column":82}},"11":{"start":{"line":31,"column":4},"end":{"line":31,"column":54}},"12":{"start":{"line":35,"column":25},"end":{"line":35,"column":68}},"13":{"start":{"line":36,"column":4},"end":{"line":36,"column":28}},"14":{"start":{"line":40,"column":4},"end":{"line":40,"column":43}},"15":{"start":{"line":44,"column":18},"end":{"line":44,"column":35}},"16":{"start":{"line":45,"column":26},"end":{"line":45,"column":82}},"17":{"start":{"line":46,"column":4},"end":{"line":46,"column":21}},"18":{"start":{"line":53,"column":26},"end":{"line":53,"column":86}},"19":{"start":{"line":54,"column":4},"end":{"line":54,"column":21}},"20":{"start":{"line":4,"column":0},"end":{"line":4,"column":13}}},"fnMap":{"0":{"name":"(anonymous_0)","decl":{"start":{"line":5,"column":2},"end":{"line":5,"column":22}},"loc":{"start":{"line":5,"column":42},"end":{"line":5,"column":46}}},"1":{"name":"(anonymous_1)","decl":{"start":{"line":7,"column":2},"end":{"line":7,"column":7}},"loc":{"start":{"line":7,"column":25},"end":{"line":10,"column":3}}},"2":{"name":"(anonymous_2)","decl":{"start":{"line":12,"column":2},"end":{"line":12,"column":7}},"loc":{"start":{"line":12,"column":27},"end":{"line":22,"column":3}}},"3":{"name":"(anonymous_3)","decl":{"start":{"line":24,"column":2},"end":{"line":24,"column":7}},"loc":{"start":{"line":24,"column":33},"end":{"line":32,"column":3}}},"4":{"name":"(anonymous_4)","decl":{"start":{"line":34,"column":2},"end":{"line":34,"column":7}},"loc":{"start":{"line":34,"column":37},"end":{"line":37,"column":3}}},"5":{"name":"(anonymous_5)","decl":{"start":{"line":39,"column":2},"end":{"line":39,"column":7}},"loc":{"start":{"line":39,"column":25},"end":{"line":41,"column":3}}},"6":{"name":"(anonymous_6)","decl":{"start":{"line":43,"column":2},"end":{"line":43,"column":7}},"loc":{"start":{"line":43,"column":15},"end":{"line":47,"column":3}}},"7":{"name":"(anonymous_7)","decl":{"start":{"line":49,"column":2},"end":{"line":49,"column":7}},"loc":{"start":{"line":52,"column":3},"end":{"line":55,"column":3}}}},"branchMap":{"0":{"loc":{"start":{"line":15,"column":13},"end":{"line":15,"column":29}},"type":"binary-expr","locations":[{"start":{"line":15,"column":13},"end":{"line":15,"column":21}},{"start":{"line":15,"column":25},"end":{"line":15,"column":29}}]},"1":{"loc":{"start":{"line":17,"column":6},"end":{"line":19,"column":7}},"type":"if","locations":[{"start":{"line":17,"column":6},"end":{"line":19,"column":7}}]},"2":{"loc":{"start":{"line":31,"column":11},"end":{"line":31,"column":53}},"type":"cond-expr","locations":[{"start":{"line":31,"column":34},"end":{"line":31,"column":46}},{"start":{"line":31,"column":49},"end":{"line":31,"column":53}}]}},"s":{"0":0,"1":0,"2":0,"3":0,"4":0,"5":0,"6":0,"7":0,"8":0,"9":0,"10":0,"11":0,"12":0,"13":0,"14":0,"15":0,"16":0,"17":0,"18":0,"19":0,"20":0},"f":{"0":0,"1":0,"2":0,"3":0,"4":0,"5":0,"6":0,"7":0},"b":{"0":[0,0],"1":[0],"2":[0,0]}}
,"/Users/vedprakashmishra/vcarpool/backend/src/services/email.service.ts": {"path":"/Users/vedprakashmishra/vcarpool/backend/src/services/email.service.ts","statementMap":{"0":{"start":{"line":13,"column":4},"end":{"line":17,"column":6}},"1":{"start":{"line":33,"column":36},"end":{"line":43,"column":6}},"2":{"start":{"line":45,"column":4},"end":{"line":45,"column":36}},"3":{"start":{"line":61,"column":36},"end":{"line":71,"column":6}},"4":{"start":{"line":73,"column":4},"end":{"line":73,"column":36}},"5":{"start":{"line":89,"column":36},"end":{"line":99,"column":6}},"6":{"start":{"line":101,"column":4},"end":{"line":101,"column":36}},"7":{"start":{"line":116,"column":36},"end":{"line":125,"column":6}},"8":{"start":{"line":127,"column":4},"end":{"line":127,"column":36}},"9":{"start":{"line":142,"column":36},"end":{"line":151,"column":6}},"10":{"start":{"line":153,"column":4},"end":{"line":153,"column":36}},"11":{"start":{"line":168,"column":36},"end":{"line":177,"column":6}},"12":{"start":{"line":179,"column":4},"end":{"line":179,"column":36}},"13":{"start":{"line":186,"column":4},"end":{"line":217,"column":5}},"14":{"start":{"line":189,"column":6},"end":{"line":193,"column":9}},"15":{"start":{"line":215,"column":6},"end":{"line":215,"column":52}},"16":{"start":{"line":225,"column":4},"end":{"line":274,"column":6}},"17":{"start":{"line":9,"column":0},"end":{"line":9,"column":13}},"18":{"start":{"line":278,"column":13},"end":{"line":278,"column":47}}},"fnMap":{"0":{"name":"(anonymous_0)","decl":{"start":{"line":12,"column":2},"end":{"line":12,"column":null}},"loc":{"start":{"line":12,"column":2},"end":{"line":18,"column":3}}},"1":{"name":"(anonymous_1)","decl":{"start":{"line":23,"column":2},"end":{"line":23,"column":7}},"loc":{"start":{"line":31,"column":5},"end":{"line":46,"column":3}}},"2":{"name":"(anonymous_2)","decl":{"start":{"line":51,"column":2},"end":{"line":51,"column":7}},"loc":{"start":{"line":59,"column":5},"end":{"line":74,"column":3}}},"3":{"name":"(anonymous_3)","decl":{"start":{"line":79,"column":2},"end":{"line":79,"column":7}},"loc":{"start":{"line":87,"column":5},"end":{"line":102,"column":3}}},"4":{"name":"(anonymous_4)","decl":{"start":{"line":107,"column":2},"end":{"line":107,"column":7}},"loc":{"start":{"line":114,"column":5},"end":{"line":128,"column":3}}},"5":{"name":"(anonymous_5)","decl":{"start":{"line":133,"column":2},"end":{"line":133,"column":7}},"loc":{"start":{"line":140,"column":5},"end":{"line":154,"column":3}}},"6":{"name":"(anonymous_6)","decl":{"start":{"line":159,"column":2},"end":{"line":159,"column":7}},"loc":{"start":{"line":166,"column":5},"end":{"line":180,"column":3}}},"7":{"name":"(anonymous_7)","decl":{"start":{"line":185,"column":10},"end":{"line":185,"column":15}},"loc":{"start":{"line":185,"column":49},"end":{"line":218,"column":3}}},"8":{"name":"(anonymous_8)","decl":{"start":{"line":223,"column":2},"end":{"line":223,"column":7}},"loc":{"start":{"line":223,"column":25},"end":{"line":275,"column":3}}}},"branchMap":{"0":{"loc":{"start":{"line":14,"column":14},"end":{"line":14,"column":48}},"type":"binary-expr","locations":[{"start":{"line":14,"column":14},"end":{"line":14,"column":42}},{"start":{"line":14,"column":46},"end":{"line":14,"column":48}}]},"1":{"loc":{"start":{"line":15,"column":17},"end":{"line":15,"column":65}},"type":"binary-expr","locations":[{"start":{"line":15,"column":17},"end":{"line":15,"column":39}},{"start":{"line":15,"column":43},"end":{"line":15,"column":65}}]},"2":{"loc":{"start":{"line":16,"column":16},"end":{"line":16,"column":51}},"type":"binary-expr","locations":[{"start":{"line":16,"column":16},"end":{"line":16,"column":37}},{"start":{"line":16,"column":41},"end":{"line":16,"column":51}}]},"3":{"loc":{"start":{"line":175,"column":16},"end":{"line":175,"column":58}},"type":"binary-expr","locations":[{"start":{"line":175,"column":16},"end":{"line":175,"column":34}},{"start":{"line":175,"column":38},"end":{"line":175,"column":58}}]}},"s":{"0":0,"1":0,"2":0,"3":0,"4":0,"5":0,"6":0,"7":0,"8":0,"9":0,"10":0,"11":0,"12":0,"13":0,"14":0,"15":0,"16":0,"17":0,"18":0},"f":{"0":0,"1":0,"2":0,"3":0,"4":0,"5":0,"6":0,"7":0,"8":0},"b":{"0":[0,0],"1":[0,0],"2":[0,0],"3":[0,0]}}
,"/Users/vedprakashmishra/vcarpool/backend/src/utils/monitoring-enhanced.ts": {"path":"/Users/vedprakashmishra/vcarpool/backend/src/utils/monitoring-enhanced.ts","statementMap":{"0":{"start":{"line":440,"column":0},"end":{"line":440,"column":16}},"1":{"start":{"line":1,"column":0},"end":{"line":1,"column":48}},"2":{"start":{"line":2,"column":0},"end":{"line":2,"column":38}},"3":{"start":{"line":8,"column":0},"end":{"line":8,"column":null}},"4":{"start":{"line":9,"column":2},"end":{"line":9,"column":null}},"5":{"start":{"line":10,"column":2},"end":{"line":10,"column":null}},"6":{"start":{"line":11,"column":2},"end":{"line":11,"column":null}},"7":{"start":{"line":55,"column":40},"end":{"line":62,"column":2}},"8":{"start":{"line":69,"column":43},"end":{"line":69,"column":52}},"9":{"start":{"line":70,"column":72},"end":{"line":70,"column":81}},"10":{"start":{"line":71,"column":44},"end":{"line":71,"column":53}},"11":{"start":{"line":75,"column":4},"end":{"line":75,"column":55}},"12":{"start":{"line":76,"column":4},"end":{"line":76,"column":34}},"13":{"start":{"line":77,"column":4},"end":{"line":77,"column":34}},"14":{"start":{"line":81,"column":4},"end":{"line":83,"column":5}},"15":{"start":{"line":82,"column":6},"end":{"line":82,"column":65}},"16":{"start":{"line":84,"column":4},"end":{"line":84,"column":38}},"17":{"start":{"line":91,"column":4},"end":{"line":93,"column":5}},"18":{"start":{"line":92,"column":6},"end":{"line":92,"column":33}},"19":{"start":{"line":95,"column":19},"end":{"line":95,"column":42}},"20":{"start":{"line":96,"column":4},"end":{"line":96,"column":23}},"21":{"start":{"line":99,"column":4},"end":{"line":101,"column":5}},"22":{"start":{"line":100,"column":6},"end":{"line":100,"column":21}},"23":{"start":{"line":104,"column":4},"end":{"line":104,"column":49}},"24":{"start":{"line":111,"column":4},"end":{"line":111,"column":61}},"25":{"start":{"line":112,"column":4},"end":{"line":112,"column":53}},"26":{"start":{"line":115,"column":4},"end":{"line":121,"column":5}},"27":{"start":{"line":116,"column":6},"end":{"line":120,"column":9}},"28":{"start":{"line":128,"column":4},"end":{"line":128,"column":47}},"29":{"start":{"line":129,"column":4},"end":{"line":129,"column":39}},"30":{"start":{"line":132,"column":22},"end":{"line":132,"column":49}},"31":{"start":{"line":133,"column":4},"end":{"line":140,"column":5}},"32":{"start":{"line":134,"column":6},"end":{"line":139,"column":9}},"33":{"start":{"line":147,"column":4},"end":{"line":147,"column":49}},"34":{"start":{"line":148,"column":4},"end":{"line":148,"column":41}},"35":{"start":{"line":155,"column":29},"end":{"line":155,"column":72}},"36":{"start":{"line":156,"column":24},"end":{"line":156,"column":62}},"37":{"start":{"line":157,"column":22},"end":{"line":157,"column":58}},"38":{"start":{"line":159,"column":32},"end":{"line":161,"column":9}},"39":{"start":{"line":160,"column":47},"end":{"line":160,"column":57}},"40":{"start":{"line":163,"column":32},"end":{"line":163,"column":75}},"41":{"start":{"line":163,"column":69},"end":{"line":163,"column":74}},"42":{"start":{"line":164,"column":21},"end":{"line":164,"column":66}},"43":{"start":{"line":165,"column":21},"end":{"line":165,"column":66}},"44":{"start":{"line":167,"column":26},"end":{"line":167,"column":76}},"45":{"start":{"line":167,"column":61},"end":{"line":167,"column":72}},"46":{"start":{"line":168,"column":24},"end":{"line":168,"column":72}},"47":{"start":{"line":168,"column":57},"end":{"line":168,"column":68}},"48":{"start":{"line":169,"column":22},"end":{"line":169,"column":73}},"49":{"start":{"line":171,"column":25},"end":{"line":171,"column":49}},"50":{"start":{"line":172,"column":24},"end":{"line":172,"column":45}},"51":{"start":{"line":174,"column":4},"end":{"line":183,"column":6}},"52":{"start":{"line":194,"column":40},"end":{"line":194,"column":42}},"53":{"start":{"line":195,"column":24},"end":{"line":195,"column":44}},"54":{"start":{"line":198,"column":4},"end":{"line":227,"column":5}},"55":{"start":{"line":199,"column":6},"end":{"line":226,"column":7}},"56":{"start":{"line":200,"column":23},"end":{"line":200,"column":44}},"57":{"start":{"line":201,"column":8},"end":{"line":201,"column":28}},"58":{"start":{"line":204,"column":8},"end":{"line":208,"column":9}},"59":{"start":{"line":205,"column":10},"end":{"line":205,"column":49}},"60":{"start":{"line":206,"column":15},"end":{"line":208,"column":9}},"61":{"start":{"line":207,"column":10},"end":{"line":207,"column":48}},"62":{"start":{"line":211,"column":51},"end":{"line":217,"column":10}},"63":{"start":{"line":219,"column":8},"end":{"line":219,"column":37}},"64":{"start":{"line":220,"column":8},"end":{"line":220,"column":47}},"65":{"start":{"line":222,"column":8},"end":{"line":225,"column":11}},"66":{"start":{"line":229,"column":20},"end":{"line":229,"column":48}},"67":{"start":{"line":232,"column":4},"end":{"line":234,"column":5}},"68":{"start":{"line":233,"column":6},"end":{"line":233,"column":44}},"69":{"start":{"line":236,"column":4},"end":{"line":238,"column":5}},"70":{"start":{"line":237,"column":6},"end":{"line":237,"column":44}},"71":{"start":{"line":240,"column":4},"end":{"line":249,"column":7}},"72":{"start":{"line":251,"column":4},"end":{"line":255,"column":6}},"73":{"start":{"line":262,"column":4},"end":{"line":262,"column":47}},"74":{"start":{"line":263,"column":4},"end":{"line":263,"column":54}},"75":{"start":{"line":271,"column":4},"end":{"line":315,"column":7}},"76":{"start":{"line":272,"column":24},"end":{"line":272,"column":34}},"77":{"start":{"line":274,"column":6},"end":{"line":314,"column":7}},"78":{"start":{"line":276,"column":24},"end":{"line":276,"column":43}},"79":{"start":{"line":277,"column":8},"end":{"line":277,"column":53}},"80":{"start":{"line":278,"column":22},"end":{"line":278,"column":46}},"81":{"start":{"line":279,"column":8},"end":{"line":279,"column":36}},"82":{"start":{"line":281,"column":25},"end":{"line":281,"column":47}},"83":{"start":{"line":282,"column":24},"end":{"line":282,"column":48}},"84":{"start":{"line":284,"column":8},"end":{"line":304,"column":9}},"85":{"start":{"line":285,"column":10},"end":{"line":295,"column":12}},"86":{"start":{"line":297,"column":10},"end":{"line":303,"column":12}},"87":{"start":{"line":307,"column":8},"end":{"line":313,"column":10}},"88":{"start":{"line":318,"column":4},"end":{"line":348,"column":7}},"89":{"start":{"line":319,"column":24},"end":{"line":319,"column":34}},"90":{"start":{"line":320,"column":26},"end":{"line":320,"column":47}},"91":{"start":{"line":321,"column":30},"end":{"line":321,"column":74}},"92":{"start":{"line":323,"column":19},"end":{"line":323,"column":39}},"93":{"start":{"line":324,"column":20},"end":{"line":324,"column":44}},"94":{"start":{"line":326,"column":6},"end":{"line":332,"column":7}},"95":{"start":{"line":327,"column":8},"end":{"line":327,"column":40}},"96":{"start":{"line":328,"column":8},"end":{"line":328,"column":52}},"97":{"start":{"line":329,"column":13},"end":{"line":332,"column":7}},"98":{"start":{"line":330,"column":8},"end":{"line":330,"column":39}},"99":{"start":{"line":331,"column":8},"end":{"line":331,"column":45}},"100":{"start":{"line":334,"column":6},"end":{"line":347,"column":8}},"101":{"start":{"line":356,"column":4},"end":{"line":377,"column":14}},"102":{"start":{"line":357,"column":22},"end":{"line":357,"column":50}},"103":{"start":{"line":360,"column":6},"end":{"line":360,"column":81}},"104":{"start":{"line":361,"column":6},"end":{"line":361,"column":83}},"105":{"start":{"line":362,"column":6},"end":{"line":362,"column":70}},"106":{"start":{"line":363,"column":6},"end":{"line":363,"column":71}},"107":{"start":{"line":364,"column":6},"end":{"line":364,"column":64}},"108":{"start":{"line":367,"column":30},"end":{"line":367,"column":90}},"109":{"start":{"line":368,"column":6},"end":{"line":375,"column":7}},"110":{"start":{"line":369,"column":8},"end":{"line":374,"column":11}},"111":{"start":{"line":384,"column":21},"end":{"line":384,"column":67}},"112":{"start":{"line":385,"column":19},"end":{"line":385,"column":63}},"113":{"start":{"line":387,"column":26},"end":{"line":387,"column":73}},"114":{"start":{"line":387,"column":58},"end":{"line":387,"column":69}},"115":{"start":{"line":388,"column":24},"end":{"line":388,"column":69}},"116":{"start":{"line":388,"column":54},"end":{"line":388,"column":65}},"117":{"start":{"line":390,"column":4},"end":{"line":390,"column":63}},"118":{"start":{"line":397,"column":16},"end":{"line":397,"column":26}},"119":{"start":{"line":398,"column":22},"end":{"line":398,"column":57}},"120":{"start":{"line":401,"column":4},"end":{"line":403,"column":5}},"121":{"start":{"line":402,"column":6},"end":{"line":402,"column":13}},"122":{"start":{"line":405,"column":4},"end":{"line":405,"column":40}},"123":{"start":{"line":408,"column":4},"end":{"line":408,"column":57}},"124":{"start":{"line":411,"column":4},"end":{"line":413,"column":5}},"125":{"start":{"line":412,"column":6},"end":{"line":412,"column":46}},"126":{"start":{"line":415,"column":4},"end":{"line":417,"column":5}},"127":{"start":{"line":416,"column":6},"end":{"line":416,"column":46}},"128":{"start":{"line":425,"column":4},"end":{"line":425,"column":65}},"129":{"start":{"line":433,"column":4},"end":{"line":433,"column":65}},"130":{"start":{"line":67,"column":0},"end":{"line":67,"column":13}},"131":{"start":{"line":441,"column":2},"end":{"line":468,"column":4}},"132":{"start":{"line":444,"column":4},"end":{"line":467,"column":6}},"133":{"start":{"line":445,"column":24},"end":{"line":445,"column":34}},"134":{"start":{"line":446,"column":23},"end":{"line":446,"column":75}},"135":{"start":{"line":448,"column":6},"end":{"line":466,"column":7}},"136":{"start":{"line":449,"column":23},"end":{"line":449,"column":54}},"137":{"start":{"line":450,"column":25},"end":{"line":450,"column":47}},"138":{"start":{"line":453,"column":8},"end":{"line":453,"column":43}},"139":{"start":{"line":454,"column":8},"end":{"line":454,"column":58}},"140":{"start":{"line":456,"column":8},"end":{"line":456,"column":22}},"141":{"start":{"line":459,"column":25},"end":{"line":459,"column":47}},"142":{"start":{"line":462,"column":8},"end":{"line":462,"column":102}},"143":{"start":{"line":463,"column":8},"end":{"line":463,"column":58}},"144":{"start":{"line":465,"column":8},"end":{"line":465,"column":20}},"145":{"start":{"line":472,"column":13},"end":{"line":472,"column":58}}},"fnMap":{"0":{"name":"(anonymous_0)","decl":{"start":{"line":8,"column":0},"end":{"line":8,"column":12}},"loc":{"start":{"line":8,"column":24},"end":{"line":12,"column":1}}},"1":{"name":"(anonymous_1)","decl":{"start":{"line":74,"column":2},"end":{"line":74,"column":22}},"loc":{"start":{"line":74,"column":55},"end":{"line":78,"column":3}}},"2":{"name":"(anonymous_2)","decl":{"start":{"line":80,"column":2},"end":{"line":80,"column":8}},"loc":{"start":{"line":80,"column":50},"end":{"line":85,"column":3}}},"3":{"name":"(anonymous_3)","decl":{"start":{"line":90,"column":2},"end":{"line":90,"column":14}},"loc":{"start":{"line":90,"column":42},"end":{"line":105,"column":3}}},"4":{"name":"(anonymous_4)","decl":{"start":{"line":110,"column":2},"end":{"line":110,"column":20}},"loc":{"start":{"line":110,"column":55},"end":{"line":122,"column":3}}},"5":{"name":"(anonymous_5)","decl":{"start":{"line":127,"column":2},"end":{"line":127,"column":13}},"loc":{"start":{"line":127,"column":44},"end":{"line":141,"column":3}}},"6":{"name":"(anonymous_6)","decl":{"start":{"line":146,"column":2},"end":{"line":146,"column":15}},"loc":{"start":{"line":146,"column":32},"end":{"line":149,"column":3}}},"7":{"name":"(anonymous_7)","decl":{"start":{"line":154,"column":2},"end":{"line":154,"column":23}},"loc":{"start":{"line":154,"column":23},"end":{"line":184,"column":3}}},"8":{"name":"(anonymous_8)","decl":{"start":{"line":160,"column":32},"end":{"line":160,"column":33}},"loc":{"start":{"line":160,"column":47},"end":{"line":160,"column":57}}},"9":{"name":"(anonymous_9)","decl":{"start":{"line":163,"column":59},"end":{"line":163,"column":60}},"loc":{"start":{"line":163,"column":69},"end":{"line":163,"column":74}}},"10":{"name":"(anonymous_10)","decl":{"start":{"line":167,"column":45},"end":{"line":167,"column":46}},"loc":{"start":{"line":167,"column":61},"end":{"line":167,"column":72}}},"11":{"name":"(anonymous_11)","decl":{"start":{"line":168,"column":41},"end":{"line":168,"column":42}},"loc":{"start":{"line":168,"column":57},"end":{"line":168,"column":68}}},"12":{"name":"(anonymous_12)","decl":{"start":{"line":189,"column":2},"end":{"line":189,"column":7}},"loc":{"start":{"line":189,"column":26},"end":{"line":256,"column":3}}},"13":{"name":"(anonymous_13)","decl":{"start":{"line":261,"column":2},"end":{"line":261,"column":21}},"loc":{"start":{"line":261,"column":83},"end":{"line":264,"column":3}}},"14":{"name":"(anonymous_14)","decl":{"start":{"line":269,"column":10},"end":{"line":269,"column":32}},"loc":{"start":{"line":269,"column":32},"end":{"line":349,"column":3}}},"15":{"name":"(anonymous_15)","decl":{"start":{"line":271,"column":38},"end":{"line":271,"column":43}},"loc":{"start":{"line":271,"column":49},"end":{"line":315,"column":5}}},"16":{"name":"(anonymous_16)","decl":{"start":{"line":318,"column":39},"end":{"line":318,"column":44}},"loc":{"start":{"line":318,"column":50},"end":{"line":348,"column":5}}},"17":{"name":"(anonymous_17)","decl":{"start":{"line":354,"column":10},"end":{"line":354,"column":32}},"loc":{"start":{"line":354,"column":32},"end":{"line":378,"column":3}}},"18":{"name":"(anonymous_18)","decl":{"start":{"line":356,"column":16},"end":{"line":356,"column":19}},"loc":{"start":{"line":356,"column":21},"end":{"line":377,"column":5}}},"19":{"name":"(anonymous_19)","decl":{"start":{"line":383,"column":10},"end":{"line":383,"column":22}},"loc":{"start":{"line":383,"column":39},"end":{"line":391,"column":3}}},"20":{"name":"(anonymous_20)","decl":{"start":{"line":387,"column":42},"end":{"line":387,"column":43}},"loc":{"start":{"line":387,"column":58},"end":{"line":387,"column":69}}},"21":{"name":"(anonymous_21)","decl":{"start":{"line":388,"column":38},"end":{"line":388,"column":39}},"loc":{"start":{"line":388,"column":54},"end":{"line":388,"column":65}}},"22":{"name":"(anonymous_22)","decl":{"start":{"line":396,"column":10},"end":{"line":396,"column":22}},"loc":{"start":{"line":396,"column":54},"end":{"line":418,"column":3}}},"23":{"name":"(anonymous_23)","decl":{"start":{"line":423,"column":10},"end":{"line":423,"column":15}},"loc":{"start":{"line":423,"column":62},"end":{"line":426,"column":3}}},"24":{"name":"(anonymous_24)","decl":{"start":{"line":431,"column":10},"end":{"line":431,"column":15}},"loc":{"start":{"line":431,"column":62},"end":{"line":434,"column":3}}},"25":{"name":"createMonitoringMiddleware","decl":{"start":{"line":440,"column":16},"end":{"line":440,"column":42}},"loc":{"start":{"line":440,"column":72},"end":{"line":469,"column":1}}},"26":{"name":"monitoringMiddleware","decl":{"start":{"line":441,"column":18},"end":{"line":441,"column":38}},"loc":{"start":{"line":442,"column":16},"end":{"line":468,"column":3}}},"27":{"name":"(anonymous_27)","decl":{"start":{"line":444,"column":11},"end":{"line":444,"column":16}},"loc":{"start":{"line":444,"column":48},"end":{"line":467,"column":5}}}},"branchMap":{"0":{"loc":{"start":{"line":8,"column":12},"end":{"line":8,"column":null}},"type":"binary-expr","locations":[{"start":{"line":8,"column":12},"end":{"line":8,"column":24}},{"start":{"line":8,"column":24},"end":{"line":8,"column":null}}]},"1":{"loc":{"start":{"line":74,"column":22},"end":{"line":74,"column":55}},"type":"default-arg","locations":[{"start":{"line":74,"column":53},"end":{"line":74,"column":55}}]},"2":{"loc":{"start":{"line":81,"column":4},"end":{"line":83,"column":5}},"type":"if","locations":[{"start":{"line":81,"column":4},"end":{"line":83,"column":5}}]},"3":{"loc":{"start":{"line":91,"column":4},"end":{"line":93,"column":5}},"type":"if","locations":[{"start":{"line":91,"column":4},"end":{"line":93,"column":5}}]},"4":{"loc":{"start":{"line":99,"column":4},"end":{"line":101,"column":5}},"type":"if","locations":[{"start":{"line":99,"column":4},"end":{"line":101,"column":5}}]},"5":{"loc":{"start":{"line":115,"column":4},"end":{"line":121,"column":5}},"type":"if","locations":[{"start":{"line":115,"column":4},"end":{"line":121,"column":5}}]},"6":{"loc":{"start":{"line":133,"column":4},"end":{"line":140,"column":5}},"type":"if","locations":[{"start":{"line":133,"column":4},"end":{"line":140,"column":5}}]},"7":{"loc":{"start":{"line":155,"column":29},"end":{"line":155,"column":72}},"type":"binary-expr","locations":[{"start":{"line":155,"column":29},"end":{"line":155,"column":66}},{"start":{"line":155,"column":70},"end":{"line":155,"column":72}}]},"8":{"loc":{"start":{"line":156,"column":24},"end":{"line":156,"column":62}},"type":"binary-expr","locations":[{"start":{"line":156,"column":24},"end":{"line":156,"column":56}},{"start":{"line":156,"column":60},"end":{"line":156,"column":62}}]},"9":{"loc":{"start":{"line":157,"column":22},"end":{"line":157,"column":58}},"type":"binary-expr","locations":[{"start":{"line":157,"column":22},"end":{"line":157,"column":52}},{"start":{"line":157,"column":56},"end":{"line":157,"column":58}}]},"10":{"loc":{"start":{"line":159,"column":32},"end":{"line":161,"column":9}},"type":"cond-expr","locations":[{"start":{"line":160,"column":8},"end":{"line":160,"column":87}},{"start":{"line":161,"column":8},"end":{"line":161,"column":9}}]},"11":{"loc":{"start":{"line":169,"column":22},"end":{"line":169,"column":73}},"type":"cond-expr","locations":[{"start":{"line":169,"column":42},"end":{"line":169,"column":69}},{"start":{"line":169,"column":72},"end":{"line":169,"column":73}}]},"12":{"loc":{"start":{"line":178,"column":23},"end":{"line":178,"column":57}},"type":"binary-expr","locations":[{"start":{"line":178,"column":23},"end":{"line":178,"column":52}},{"start":{"line":178,"column":56},"end":{"line":178,"column":57}}]},"13":{"loc":{"start":{"line":179,"column":23},"end":{"line":179,"column":57}},"type":"binary-expr","locations":[{"start":{"line":179,"column":23},"end":{"line":179,"column":52}},{"start":{"line":179,"column":56},"end":{"line":179,"column":57}}]},"14":{"loc":{"start":{"line":204,"column":8},"end":{"line":208,"column":9}},"type":"if","locations":[{"start":{"line":204,"column":8},"end":{"line":208,"column":9}},{"start":{"line":206,"column":15},"end":{"line":208,"column":9}}]},"15":{"loc":{"start":{"line":206,"column":15},"end":{"line":208,"column":9}},"type":"if","locations":[{"start":{"line":206,"column":15},"end":{"line":208,"column":9}}]},"16":{"loc":{"start":{"line":206,"column":19},"end":{"line":206,"column":100}},"type":"binary-expr","locations":[{"start":{"line":206,"column":19},"end":{"line":206,"column":58}},{"start":{"line":206,"column":62},"end":{"line":206,"column":100}}]},"17":{"loc":{"start":{"line":214,"column":43},"end":{"line":214,"column":99}},"type":"cond-expr","locations":[{"start":{"line":214,"column":68},"end":{"line":214,"column":81}},{"start":{"line":214,"column":84},"end":{"line":214,"column":99}}]},"18":{"loc":{"start":{"line":224,"column":17},"end":{"line":224,"column":73}},"type":"cond-expr","locations":[{"start":{"line":224,"column":42},"end":{"line":224,"column":55}},{"start":{"line":224,"column":58},"end":{"line":224,"column":73}}]},"19":{"loc":{"start":{"line":232,"column":4},"end":{"line":234,"column":5}},"type":"if","locations":[{"start":{"line":232,"column":4},"end":{"line":234,"column":5}}]},"20":{"loc":{"start":{"line":236,"column":4},"end":{"line":238,"column":5}},"type":"if","locations":[{"start":{"line":236,"column":4},"end":{"line":238,"column":5}}]},"21":{"loc":{"start":{"line":284,"column":8},"end":{"line":304,"column":9}},"type":"if","locations":[{"start":{"line":284,"column":8},"end":{"line":304,"column":9}},{"start":{"line":296,"column":15},"end":{"line":304,"column":9}}]},"22":{"loc":{"start":{"line":310,"column":35},"end":{"line":310,"column":91}},"type":"cond-expr","locations":[{"start":{"line":310,"column":60},"end":{"line":310,"column":73}},{"start":{"line":310,"column":76},"end":{"line":310,"column":91}}]},"23":{"loc":{"start":{"line":326,"column":6},"end":{"line":332,"column":7}},"type":"if","locations":[{"start":{"line":326,"column":6},"end":{"line":332,"column":7}},{"start":{"line":329,"column":13},"end":{"line":332,"column":7}}]},"24":{"loc":{"start":{"line":329,"column":13},"end":{"line":332,"column":7}},"type":"if","locations":[{"start":{"line":329,"column":13},"end":{"line":332,"column":7}}]},"25":{"loc":{"start":{"line":368,"column":6},"end":{"line":375,"column":7}},"type":"if","locations":[{"start":{"line":368,"column":6},"end":{"line":375,"column":7}}]},"26":{"loc":{"start":{"line":384,"column":21},"end":{"line":384,"column":67}},"type":"binary-expr","locations":[{"start":{"line":384,"column":21},"end":{"line":384,"column":61}},{"start":{"line":384,"column":65},"end":{"line":384,"column":67}}]},"27":{"loc":{"start":{"line":385,"column":19},"end":{"line":385,"column":63}},"type":"binary-expr","locations":[{"start":{"line":385,"column":19},"end":{"line":385,"column":57}},{"start":{"line":385,"column":61},"end":{"line":385,"column":63}}]},"28":{"loc":{"start":{"line":390,"column":11},"end":{"line":390,"column":62}},"type":"cond-expr","locations":[{"start":{"line":390,"column":31},"end":{"line":390,"column":58}},{"start":{"line":390,"column":61},"end":{"line":390,"column":62}}]},"29":{"loc":{"start":{"line":398,"column":22},"end":{"line":398,"column":57}},"type":"binary-expr","locations":[{"start":{"line":398,"column":22},"end":{"line":398,"column":52}},{"start":{"line":398,"column":56},"end":{"line":398,"column":57}}]},"30":{"loc":{"start":{"line":401,"column":4},"end":{"line":403,"column":5}},"type":"if","locations":[{"start":{"line":401,"column":4},"end":{"line":403,"column":5}}]},"31":{"loc":{"start":{"line":411,"column":4},"end":{"line":413,"column":5}},"type":"if","locations":[{"start":{"line":411,"column":4},"end":{"line":413,"column":5}}]},"32":{"loc":{"start":{"line":415,"column":4},"end":{"line":417,"column":5}},"type":"if","locations":[{"start":{"line":415,"column":4},"end":{"line":417,"column":5}}]},"33":{"loc":{"start":{"line":462,"column":41},"end":{"line":462,"column":100}},"type":"cond-expr","locations":[{"start":{"line":462,"column":66},"end":{"line":462,"column":71}},{"start":{"line":462,"column":74},"end":{"line":462,"column":100}}]}},"s":{"0":0,"1":0,"2":0,"3":0,"4":0,"5":0,"6":0,"7":0,"8":0,"9":0,"10":0,"11":0,"12":0,"13":0,"14":0,"15":0,"16":0,"17":0,"18":0,"19":0,"20":0,"21":0,"22":0,"23":0,"24":0,"25":0,"26":0,"27":0,"28":0,"29":0,"30":0,"31":0,"32":0,"33":0,"34":0,"35":0,"36":0,"37":0,"38":0,"39":0,"40":0,"41":0,"42":0,"43":0,"44":0,"45":0,"46":0,"47":0,"48":0,"49":0,"50":0,"51":0,"52":0,"53":0,"54":0,"55":0,"56":0,"57":0,"58":0,"59":0,"60":0,"61":0,"62":0,"63":0,"64":0,"65":0,"66":0,"67":0,"68":0,"69":0,"70":0,"71":0,"72":0,"73":0,"74":0,"75":0,"76":0,"77":0,"78":0,"79":0,"80":0,"81":0,"82":0,"83":0,"84":0,"85":0,"86":0,"87":0,"88":0,"89":0,"90":0,"91":0,"92":0,"93":0,"94":0,"95":0,"96":0,"97":0,"98":0,"99":0,"100":0,"101":0,"102":0,"103":0,"104":0,"105":0,"106":0,"107":0,"108":0,"109":0,"110":0,"111":0,"112":0,"113":0,"114":0,"115":0,"116":0,"117":0,"118":0,"119":0,"120":0,"121":0,"122":0,"123":0,"124":0,"125":0,"126":0,"127":0,"128":0,"129":0,"130":0,"131":0,"132":0,"133":0,"134":0,"135":0,"136":0,"137":0,"138":0,"139":0,"140":0,"141":0,"142":0,"143":0,"144":0,"145":0},"f":{"0":0,"1":0,"2":0,"3":0,"4":0,"5":0,"6":0,"7":0,"8":0,"9":0,"10":0,"11":0,"12":0,"13":0,"14":0,"15":0,"16":0,"17":0,"18":0,"19":0,"20":0,"21":0,"22":0,"23":0,"24":0,"25":0,"26":0,"27":0},"b":{"0":[0,0],"1":[0],"2":[0],"3":[0],"4":[0],"5":[0],"6":[0],"7":[0,0],"8":[0,0],"9":[0,0],"10":[0,0],"11":[0,0],"12":[0,0],"13":[0,0],"14":[0,0],"15":[0],"16":[0,0],"17":[0,0],"18":[0,0],"19":[0],"20":[0],"21":[0,0],"22":[0,0],"23":[0,0],"24":[0],"25":[0],"26":[0,0],"27":[0,0],"28":[0,0],"29":[0,0],"30":[0],"31":[0],"32":[0],"33":[0,0]}}
}
